INFO:114:2025-09-14 13:42:38,665:[DatabaseManager.get_connection]=>[get_connection] Starting Execution
INFO:114:2025-09-14 13:42:38,665:[DatabaseManager.get_path]=>[get_path] Starting Execution
INFO:122:2025-09-14 13:42:38,666:[DatabaseManager.get_path]=>[get_path] Execution of completed in 0.11 ms
INFO:122:2025-09-14 13:42:38,666:[DatabaseManager.get_connection]=>[get_connection] Execution of completed in 0.61 ms
INFO:54:2025-09-14 13:42:38,666:[DatabaseManager.insert]=>[insert] Starting Execution
INFO:54:2025-09-14 13:42:38,667:[DatabaseManager.save]=>[save] Starting Execution
INFO:64:2025-09-14 13:42:38,750:[DatabaseManager.save]=>[save] Execution of completed in 82.56 ms
INFO:64:2025-09-14 13:42:38,750:[DatabaseManager.insert]=>[insert] Execution of completed in 84.00 ms
INFO:114:2025-09-14 13:42:53,059:[DatabaseManager.get_connection]=>[get_connection] Starting Execution
INFO:114:2025-09-14 13:42:53,059:[DatabaseManager.get_path]=>[get_path] Starting Execution
INFO:122:2025-09-14 13:42:53,059:[DatabaseManager.get_path]=>[get_path] Execution of completed in 0.09 ms
INFO:122:2025-09-14 13:42:53,059:[DatabaseManager.get_connection]=>[get_connection] Execution of completed in 0.42 ms
INFO:54:2025-09-14 13:42:53,060:[DatabaseManager.insert]=>[insert] Starting Execution
INFO:54:2025-09-14 13:42:53,060:[DatabaseManager.save]=>[save] Starting Execution
INFO:64:2025-09-14 13:42:53,143:[DatabaseManager.save]=>[save] Execution of completed in 82.21 ms
INFO:64:2025-09-14 13:42:53,143:[DatabaseManager.insert]=>[insert] Execution of completed in 83.28 ms
INFO:114:2025-09-14 13:43:02,815:[DatabaseManager.get_connection]=>[get_connection] Starting Execution
INFO:114:2025-09-14 13:43:02,815:[DatabaseManager.get_path]=>[get_path] Starting Execution
INFO:122:2025-09-14 13:43:02,815:[DatabaseManager.get_path]=>[get_path] Execution of completed in 0.08 ms
INFO:122:2025-09-14 13:43:02,815:[DatabaseManager.get_connection]=>[get_connection] Execution of completed in 0.37 ms
INFO:54:2025-09-14 13:43:02,816:[DatabaseManager.insert]=>[insert] Starting Execution
INFO:54:2025-09-14 13:43:02,816:[DatabaseManager.save]=>[save] Starting Execution
INFO:64:2025-09-14 13:43:02,893:[DatabaseManager.save]=>[save] Execution of completed in 76.28 ms
INFO:64:2025-09-14 13:43:02,893:[DatabaseManager.insert]=>[insert] Execution of completed in 77.18 ms
INFO:114:2025-09-14 13:43:30,367:[DatabaseManager.get_connection]=>[get_connection] Starting Execution
INFO:114:2025-09-14 13:43:30,367:[DatabaseManager.get_path]=>[get_path] Starting Execution
INFO:122:2025-09-14 13:43:30,367:[DatabaseManager.get_path]=>[get_path] Execution of completed in 0.10 ms
INFO:122:2025-09-14 13:43:30,367:[DatabaseManager.get_connection]=>[get_connection] Execution of completed in 0.49 ms
INFO:54:2025-09-14 13:43:30,368:[DatabaseManager.insert]=>[insert] Starting Execution
INFO:54:2025-09-14 13:43:30,368:[DatabaseManager.save]=>[save] Starting Execution
INFO:64:2025-09-14 13:43:30,452:[DatabaseManager.save]=>[save] Execution of completed in 83.93 ms
INFO:64:2025-09-14 13:43:30,453:[DatabaseManager.insert]=>[insert] Execution of completed in 84.91 ms
INFO:114:2025-09-14 13:43:40,843:[DatabaseManager.get_connection]=>[get_connection] Starting Execution
INFO:114:2025-09-14 13:43:40,843:[DatabaseManager.get_path]=>[get_path] Starting Execution
INFO:122:2025-09-14 13:43:40,843:[DatabaseManager.get_path]=>[get_path] Execution of completed in 0.16 ms
INFO:122:2025-09-14 13:43:40,844:[DatabaseManager.get_connection]=>[get_connection] Execution of completed in 0.72 ms
INFO:54:2025-09-14 13:43:40,844:[DatabaseManager.insert]=>[insert] Starting Execution
INFO:54:2025-09-14 13:43:40,845:[DatabaseManager.save]=>[save] Starting Execution
INFO:64:2025-09-14 13:43:40,929:[DatabaseManager.save]=>[save] Execution of completed in 84.35 ms
INFO:64:2025-09-14 13:43:40,930:[DatabaseManager.insert]=>[insert] Execution of completed in 85.71 ms
INFO:114:2025-09-14 13:43:50,764:[DatabaseManager.get_connection]=>[get_connection] Starting Execution
INFO:114:2025-09-14 13:43:50,765:[DatabaseManager.get_path]=>[get_path] Starting Execution
INFO:122:2025-09-14 13:43:50,765:[DatabaseManager.get_path]=>[get_path] Execution of completed in 0.07 ms
INFO:122:2025-09-14 13:43:50,765:[DatabaseManager.get_connection]=>[get_connection] Execution of completed in 0.38 ms
INFO:54:2025-09-14 13:43:50,765:[DatabaseManager.insert]=>[insert] Starting Execution
INFO:54:2025-09-14 13:43:50,766:[DatabaseManager.save]=>[save] Starting Execution
INFO:64:2025-09-14 13:43:50,858:[DatabaseManager.save]=>[save] Execution of completed in 92.47 ms
INFO:64:2025-09-14 13:43:50,858:[DatabaseManager.insert]=>[insert] Execution of completed in 93.33 ms
INFO:114:2025-09-14 13:44:05,591:[DatabaseManager.get_connection]=>[get_connection] Starting Execution
INFO:114:2025-09-14 13:44:05,592:[DatabaseManager.get_path]=>[get_path] Starting Execution
INFO:122:2025-09-14 13:44:05,592:[DatabaseManager.get_path]=>[get_path] Execution of completed in 0.07 ms
INFO:122:2025-09-14 13:44:05,592:[DatabaseManager.get_connection]=>[get_connection] Execution of completed in 0.39 ms
INFO:54:2025-09-14 13:44:05,592:[DatabaseManager.insert]=>[insert] Starting Execution
INFO:76:2025-09-14 13:44:05,593:Execution of [DatabaseManager.insert]=>[insert] failed
ERROR:79:2025-09-14 13:44:05,593:[DatabaseManager.insert]=>[insert] => UNIQUE constraint failed: student_details.id
Traceback (most recent call last):
  File "/media/elsonbaty/My/Projects/Sonbati_Academey/core/log_utils.py", line 58, in wrappers
    results = func(*args, **kwd)
              ^^^^^^^^^^^^^^^^^^
  File "/media/elsonbaty/My/Projects/Sonbati_Academey/modules/database_manager.py", line 141, in insert
    curr.execute(query, tuple(data.values()))
sqlite3.IntegrityError: UNIQUE constraint failed: student_details.id
INFO:114:2025-09-14 13:44:25,856:[DatabaseManager.get_connection]=>[get_connection] Starting Execution
INFO:114:2025-09-14 13:44:25,856:[DatabaseManager.get_path]=>[get_path] Starting Execution
INFO:122:2025-09-14 13:44:25,856:[DatabaseManager.get_path]=>[get_path] Execution of completed in 0.08 ms
INFO:122:2025-09-14 13:44:25,856:[DatabaseManager.get_connection]=>[get_connection] Execution of completed in 0.48 ms
INFO:54:2025-09-14 13:44:25,856:[DatabaseManager.insert]=>[insert] Starting Execution
INFO:76:2025-09-14 13:44:25,857:Execution of [DatabaseManager.insert]=>[insert] failed
ERROR:79:2025-09-14 13:44:25,857:[DatabaseManager.insert]=>[insert] => UNIQUE constraint failed: student_details.student_id
Traceback (most recent call last):
  File "/media/elsonbaty/My/Projects/Sonbati_Academey/core/log_utils.py", line 58, in wrappers
    results = func(*args, **kwd)
              ^^^^^^^^^^^^^^^^^^
  File "/media/elsonbaty/My/Projects/Sonbati_Academey/modules/database_manager.py", line 141, in insert
    curr.execute(query, tuple(data.values()))
sqlite3.IntegrityError: UNIQUE constraint failed: student_details.student_id
INFO:114:2025-09-14 13:44:38,061:[DatabaseManager.get_connection]=>[get_connection] Starting Execution
INFO:114:2025-09-14 13:44:38,062:[DatabaseManager.get_path]=>[get_path] Starting Execution
INFO:122:2025-09-14 13:44:38,062:[DatabaseManager.get_path]=>[get_path] Execution of completed in 0.08 ms
INFO:122:2025-09-14 13:44:38,062:[DatabaseManager.get_connection]=>[get_connection] Execution of completed in 0.44 ms
INFO:54:2025-09-14 13:44:38,062:[DatabaseManager.insert]=>[insert] Starting Execution
INFO:54:2025-09-14 13:44:38,063:[DatabaseManager.save]=>[save] Starting Execution
INFO:64:2025-09-14 13:44:38,144:[DatabaseManager.save]=>[save] Execution of completed in 80.75 ms
INFO:64:2025-09-14 13:44:38,144:[DatabaseManager.insert]=>[insert] Execution of completed in 81.76 ms
INFO:114:2025-09-14 13:45:20,819:[DatabaseManager.get_connection]=>[get_connection] Starting Execution
INFO:114:2025-09-14 13:45:20,819:[DatabaseManager.get_path]=>[get_path] Starting Execution
INFO:122:2025-09-14 13:45:20,819:[DatabaseManager.get_path]=>[get_path] Execution of completed in 0.09 ms
INFO:122:2025-09-14 13:45:20,819:[DatabaseManager.get_connection]=>[get_connection] Execution of completed in 0.51 ms
INFO:54:2025-09-14 13:45:20,819:[DatabaseManager.update]=>[update] Starting Execution
INFO:54:2025-09-14 13:45:20,820:[DatabaseManager.save]=>[save] Starting Execution
INFO:64:2025-09-14 13:45:20,905:[DatabaseManager.save]=>[save] Execution of completed in 85.21 ms
INFO:64:2025-09-14 13:45:20,906:[DatabaseManager.update]=>[update] Execution of completed in 86.25 ms
INFO:114:2025-09-14 13:45:36,911:[DatabaseManager.get_connection]=>[get_connection] Starting Execution
INFO:114:2025-09-14 13:45:36,911:[DatabaseManager.get_path]=>[get_path] Starting Execution
INFO:122:2025-09-14 13:45:36,911:[DatabaseManager.get_path]=>[get_path] Execution of completed in 0.09 ms
INFO:122:2025-09-14 13:45:36,912:[DatabaseManager.get_connection]=>[get_connection] Execution of completed in 0.68 ms
INFO:54:2025-09-14 13:45:36,912:[DatabaseManager.delete]=>[delete] Starting Execution
INFO:54:2025-09-14 13:45:36,913:[DatabaseManager.save]=>[save] Starting Execution
INFO:64:2025-09-14 13:45:36,989:[DatabaseManager.save]=>[save] Execution of completed in 75.80 ms
INFO:64:2025-09-14 13:45:36,989:[DatabaseManager.delete]=>[delete] Execution of completed in 76.76 ms
INFO:114:2025-09-14 13:45:59,433:[DatabaseManager.get_connection]=>[get_connection] Starting Execution
INFO:114:2025-09-14 13:45:59,433:[DatabaseManager.get_path]=>[get_path] Starting Execution
INFO:122:2025-09-14 13:45:59,433:[DatabaseManager.get_path]=>[get_path] Execution of completed in 0.09 ms
INFO:122:2025-09-14 13:45:59,433:[DatabaseManager.get_connection]=>[get_connection] Execution of completed in 0.51 ms
INFO:54:2025-09-14 13:45:59,433:[DatabaseManager.get]=>[get] Starting Execution
INFO:64:2025-09-14 13:45:59,435:[DatabaseManager.get]=>[get] Execution of completed in 1.17 ms
INFO:114:2025-09-14 14:09:37,132:[DatabaseManager.get_connection]=>[get_connection] Starting Execution
INFO:114:2025-09-14 14:09:37,132:[DatabaseManager.get_path]=>[get_path] Starting Execution
INFO:122:2025-09-14 14:09:37,132:[DatabaseManager.get_path]=>[get_path] Execution of completed in 0.07 ms
INFO:122:2025-09-14 14:09:37,132:[DatabaseManager.get_connection]=>[get_connection] Execution of completed in 0.42 ms
INFO:54:2025-09-14 14:09:37,132:[DatabaseManager.insert]=>[insert] Starting Execution
INFO:54:2025-09-14 14:09:37,133:[DatabaseManager.save]=>[save] Starting Execution
INFO:64:2025-09-14 14:09:37,218:[DatabaseManager.save]=>[save] Execution of completed in 84.86 ms
INFO:64:2025-09-14 14:09:37,218:[DatabaseManager.insert]=>[insert] Execution of completed in 85.82 ms
INFO:114:2025-09-14 14:10:00,532:[DatabaseManager.get_connection]=>[get_connection] Starting Execution
INFO:114:2025-09-14 14:10:00,533:[DatabaseManager.get_path]=>[get_path] Starting Execution
INFO:122:2025-09-14 14:10:00,533:[DatabaseManager.get_path]=>[get_path] Execution of completed in 0.09 ms
INFO:122:2025-09-14 14:10:00,533:[DatabaseManager.get_connection]=>[get_connection] Execution of completed in 0.52 ms
INFO:54:2025-09-14 14:10:00,533:[DatabaseManager.insert]=>[insert] Starting Execution
INFO:76:2025-09-14 14:10:00,534:Execution of [DatabaseManager.insert]=>[insert] failed
ERROR:79:2025-09-14 14:10:00,534:[DatabaseManager.insert]=>[insert] => UNIQUE constraint failed: attendance_student.id
Traceback (most recent call last):
  File "/media/elsonbaty/My/Projects/Sonbati_Academey/core/log_utils.py", line 58, in wrappers
    results = func(*args, **kwd)
              ^^^^^^^^^^^^^^^^^^
  File "/media/elsonbaty/My/Projects/Sonbati_Academey/modules/database_manager.py", line 141, in insert
    curr.execute(query, tuple(data.values()))
sqlite3.IntegrityError: UNIQUE constraint failed: attendance_student.id
INFO:114:2025-09-14 14:10:22,602:[DatabaseManager.get_connection]=>[get_connection] Starting Execution
INFO:114:2025-09-14 14:10:22,602:[DatabaseManager.get_path]=>[get_path] Starting Execution
INFO:122:2025-09-14 14:10:22,602:[DatabaseManager.get_path]=>[get_path] Execution of completed in 0.09 ms
INFO:122:2025-09-14 14:10:22,603:[DatabaseManager.get_connection]=>[get_connection] Execution of completed in 0.74 ms
INFO:54:2025-09-14 14:10:22,603:[DatabaseManager.insert]=>[insert] Starting Execution
INFO:54:2025-09-14 14:10:22,604:[DatabaseManager.save]=>[save] Starting Execution
INFO:64:2025-09-14 14:10:22,682:[DatabaseManager.save]=>[save] Execution of completed in 78.77 ms
INFO:64:2025-09-14 14:10:22,683:[DatabaseManager.insert]=>[insert] Execution of completed in 79.88 ms
INFO:114:2025-09-14 14:10:38,366:[DatabaseManager.get_connection]=>[get_connection] Starting Execution
INFO:114:2025-09-14 14:10:38,366:[DatabaseManager.get_path]=>[get_path] Starting Execution
INFO:122:2025-09-14 14:10:38,366:[DatabaseManager.get_path]=>[get_path] Execution of completed in 0.07 ms
INFO:122:2025-09-14 14:10:38,366:[DatabaseManager.get_connection]=>[get_connection] Execution of completed in 0.42 ms
INFO:54:2025-09-14 14:10:38,367:[DatabaseManager.insert]=>[insert] Starting Execution
INFO:54:2025-09-14 14:10:38,368:[DatabaseManager.save]=>[save] Starting Execution
INFO:64:2025-09-14 14:10:38,456:[DatabaseManager.save]=>[save] Execution of completed in 88.02 ms
INFO:64:2025-09-14 14:10:38,457:[DatabaseManager.insert]=>[insert] Execution of completed in 89.89 ms
INFO:114:2025-09-14 14:10:46,452:[DatabaseManager.get_connection]=>[get_connection] Starting Execution
INFO:114:2025-09-14 14:10:46,452:[DatabaseManager.get_path]=>[get_path] Starting Execution
INFO:122:2025-09-14 14:10:46,453:[DatabaseManager.get_path]=>[get_path] Execution of completed in 0.09 ms
INFO:122:2025-09-14 14:10:46,453:[DatabaseManager.get_connection]=>[get_connection] Execution of completed in 0.59 ms
INFO:54:2025-09-14 14:10:46,453:[DatabaseManager.insert]=>[insert] Starting Execution
INFO:54:2025-09-14 14:10:46,454:[DatabaseManager.save]=>[save] Starting Execution
INFO:64:2025-09-14 14:10:46,528:[DatabaseManager.save]=>[save] Execution of completed in 73.54 ms
INFO:64:2025-09-14 14:10:46,528:[DatabaseManager.insert]=>[insert] Execution of completed in 75.01 ms
INFO:114:2025-09-14 14:10:57,014:[DatabaseManager.get_connection]=>[get_connection] Starting Execution
INFO:114:2025-09-14 14:10:57,014:[DatabaseManager.get_path]=>[get_path] Starting Execution
INFO:122:2025-09-14 14:10:57,014:[DatabaseManager.get_path]=>[get_path] Execution of completed in 0.08 ms
INFO:122:2025-09-14 14:10:57,015:[DatabaseManager.get_connection]=>[get_connection] Execution of completed in 0.56 ms
INFO:54:2025-09-14 14:10:57,015:[DatabaseManager.insert]=>[insert] Starting Execution
INFO:54:2025-09-14 14:10:57,016:[DatabaseManager.save]=>[save] Starting Execution
INFO:64:2025-09-14 14:10:57,087:[DatabaseManager.save]=>[save] Execution of completed in 71.42 ms
INFO:64:2025-09-14 14:10:57,087:[DatabaseManager.insert]=>[insert] Execution of completed in 72.40 ms
INFO:114:2025-09-14 14:11:04,671:[DatabaseManager.get_connection]=>[get_connection] Starting Execution
INFO:114:2025-09-14 14:11:04,671:[DatabaseManager.get_path]=>[get_path] Starting Execution
INFO:122:2025-09-14 14:11:04,672:[DatabaseManager.get_path]=>[get_path] Execution of completed in 0.08 ms
INFO:122:2025-09-14 14:11:04,672:[DatabaseManager.get_connection]=>[get_connection] Execution of completed in 0.47 ms
INFO:54:2025-09-14 14:11:04,672:[DatabaseManager.insert]=>[insert] Starting Execution
INFO:54:2025-09-14 14:11:04,673:[DatabaseManager.save]=>[save] Starting Execution
INFO:64:2025-09-14 14:11:04,730:[DatabaseManager.save]=>[save] Execution of completed in 57.45 ms
INFO:64:2025-09-14 14:11:04,730:[DatabaseManager.insert]=>[insert] Execution of completed in 58.44 ms
INFO:114:2025-09-14 14:11:19,815:[DatabaseManager.get_connection]=>[get_connection] Starting Execution
INFO:114:2025-09-14 14:11:19,815:[DatabaseManager.get_path]=>[get_path] Starting Execution
INFO:122:2025-09-14 14:11:19,815:[DatabaseManager.get_path]=>[get_path] Execution of completed in 0.28 ms
INFO:122:2025-09-14 14:11:19,816:[DatabaseManager.get_connection]=>[get_connection] Execution of completed in 0.89 ms
INFO:54:2025-09-14 14:11:19,816:[DatabaseManager.insert]=>[insert] Starting Execution
INFO:54:2025-09-14 14:11:19,817:[DatabaseManager.save]=>[save] Starting Execution
INFO:64:2025-09-14 14:11:19,885:[DatabaseManager.save]=>[save] Execution of completed in 68.34 ms
INFO:64:2025-09-14 14:11:19,886:[DatabaseManager.insert]=>[insert] Execution of completed in 69.52 ms
INFO:114:2025-09-14 14:11:28,447:[DatabaseManager.get_connection]=>[get_connection] Starting Execution
INFO:114:2025-09-14 14:11:28,447:[DatabaseManager.get_path]=>[get_path] Starting Execution
INFO:122:2025-09-14 14:11:28,447:[DatabaseManager.get_path]=>[get_path] Execution of completed in 0.11 ms
INFO:122:2025-09-14 14:11:28,447:[DatabaseManager.get_connection]=>[get_connection] Execution of completed in 0.57 ms
INFO:54:2025-09-14 14:11:28,448:[DatabaseManager.insert]=>[insert] Starting Execution
INFO:54:2025-09-14 14:11:28,448:[DatabaseManager.save]=>[save] Starting Execution
INFO:64:2025-09-14 14:11:28,516:[DatabaseManager.save]=>[save] Execution of completed in 67.64 ms
INFO:64:2025-09-14 14:11:28,516:[DatabaseManager.insert]=>[insert] Execution of completed in 68.55 ms
INFO:114:2025-09-14 14:11:39,178:[DatabaseManager.get_connection]=>[get_connection] Starting Execution
INFO:114:2025-09-14 14:11:39,178:[DatabaseManager.get_path]=>[get_path] Starting Execution
INFO:122:2025-09-14 14:11:39,178:[DatabaseManager.get_path]=>[get_path] Execution of completed in 0.10 ms
INFO:122:2025-09-14 14:11:39,179:[DatabaseManager.get_connection]=>[get_connection] Execution of completed in 0.51 ms
INFO:54:2025-09-14 14:11:39,179:[DatabaseManager.insert]=>[insert] Starting Execution
INFO:54:2025-09-14 14:11:39,180:[DatabaseManager.save]=>[save] Starting Execution
INFO:64:2025-09-14 14:11:39,266:[DatabaseManager.save]=>[save] Execution of completed in 86.59 ms
INFO:64:2025-09-14 14:11:39,266:[DatabaseManager.insert]=>[insert] Execution of completed in 87.76 ms
INFO:114:2025-09-14 14:11:48,985:[DatabaseManager.get_connection]=>[get_connection] Starting Execution
INFO:114:2025-09-14 14:11:48,985:[DatabaseManager.get_path]=>[get_path] Starting Execution
INFO:122:2025-09-14 14:11:48,985:[DatabaseManager.get_path]=>[get_path] Execution of completed in 0.07 ms
INFO:122:2025-09-14 14:11:48,985:[DatabaseManager.get_connection]=>[get_connection] Execution of completed in 0.40 ms
INFO:54:2025-09-14 14:11:48,985:[DatabaseManager.insert]=>[insert] Starting Execution
INFO:54:2025-09-14 14:11:48,986:[DatabaseManager.save]=>[save] Starting Execution
INFO:64:2025-09-14 14:11:49,065:[DatabaseManager.save]=>[save] Execution of completed in 78.78 ms
INFO:64:2025-09-14 14:11:49,065:[DatabaseManager.insert]=>[insert] Execution of completed in 79.86 ms
INFO:114:2025-09-14 14:11:59,291:[DatabaseManager.get_connection]=>[get_connection] Starting Execution
INFO:114:2025-09-14 14:11:59,291:[DatabaseManager.get_path]=>[get_path] Starting Execution
INFO:122:2025-09-14 14:11:59,291:[DatabaseManager.get_path]=>[get_path] Execution of completed in 0.09 ms
INFO:122:2025-09-14 14:11:59,291:[DatabaseManager.get_connection]=>[get_connection] Execution of completed in 0.48 ms
INFO:54:2025-09-14 14:11:59,291:[DatabaseManager.insert]=>[insert] Starting Execution
INFO:54:2025-09-14 14:11:59,292:[DatabaseManager.save]=>[save] Starting Execution
INFO:64:2025-09-14 14:11:59,374:[DatabaseManager.save]=>[save] Execution of completed in 81.38 ms
INFO:64:2025-09-14 14:11:59,374:[DatabaseManager.insert]=>[insert] Execution of completed in 82.43 ms
INFO:114:2025-09-14 14:12:08,235:[DatabaseManager.get_connection]=>[get_connection] Starting Execution
INFO:114:2025-09-14 14:12:08,235:[DatabaseManager.get_path]=>[get_path] Starting Execution
INFO:122:2025-09-14 14:12:08,235:[DatabaseManager.get_path]=>[get_path] Execution of completed in 0.06 ms
INFO:122:2025-09-14 14:12:08,236:[DatabaseManager.get_connection]=>[get_connection] Execution of completed in 0.35 ms
INFO:54:2025-09-14 14:12:08,236:[DatabaseManager.insert]=>[insert] Starting Execution
INFO:54:2025-09-14 14:12:08,236:[DatabaseManager.save]=>[save] Starting Execution
INFO:64:2025-09-14 14:12:08,338:[DatabaseManager.save]=>[save] Execution of completed in 101.48 ms
INFO:64:2025-09-14 14:12:08,338:[DatabaseManager.insert]=>[insert] Execution of completed in 102.22 ms
INFO:114:2025-09-14 14:12:17,500:[DatabaseManager.get_connection]=>[get_connection] Starting Execution
INFO:114:2025-09-14 14:12:17,500:[DatabaseManager.get_path]=>[get_path] Starting Execution
INFO:122:2025-09-14 14:12:17,500:[DatabaseManager.get_path]=>[get_path] Execution of completed in 0.08 ms
INFO:122:2025-09-14 14:12:17,501:[DatabaseManager.get_connection]=>[get_connection] Execution of completed in 0.46 ms
INFO:54:2025-09-14 14:12:17,501:[DatabaseManager.insert]=>[insert] Starting Execution
INFO:54:2025-09-14 14:12:17,503:[DatabaseManager.save]=>[save] Starting Execution
INFO:64:2025-09-14 14:12:17,576:[DatabaseManager.save]=>[save] Execution of completed in 73.12 ms
INFO:64:2025-09-14 14:12:17,576:[DatabaseManager.insert]=>[insert] Execution of completed in 75.68 ms
INFO:114:2025-09-14 14:12:28,596:[DatabaseManager.get_connection]=>[get_connection] Starting Execution
INFO:114:2025-09-14 14:12:28,596:[DatabaseManager.get_path]=>[get_path] Starting Execution
INFO:122:2025-09-14 14:12:28,596:[DatabaseManager.get_path]=>[get_path] Execution of completed in 0.09 ms
INFO:122:2025-09-14 14:12:28,596:[DatabaseManager.get_connection]=>[get_connection] Execution of completed in 0.73 ms
INFO:54:2025-09-14 14:12:28,597:[DatabaseManager.insert]=>[insert] Starting Execution
INFO:54:2025-09-14 14:12:28,598:[DatabaseManager.save]=>[save] Starting Execution
INFO:64:2025-09-14 14:12:28,695:[DatabaseManager.save]=>[save] Execution of completed in 97.50 ms
INFO:64:2025-09-14 14:12:28,696:[DatabaseManager.insert]=>[insert] Execution of completed in 98.64 ms
INFO:114:2025-09-14 14:12:39,037:[DatabaseManager.get_connection]=>[get_connection] Starting Execution
INFO:114:2025-09-14 14:12:39,037:[DatabaseManager.get_path]=>[get_path] Starting Execution
INFO:122:2025-09-14 14:12:39,037:[DatabaseManager.get_path]=>[get_path] Execution of completed in 0.09 ms
INFO:122:2025-09-14 14:12:39,037:[DatabaseManager.get_connection]=>[get_connection] Execution of completed in 0.57 ms
INFO:54:2025-09-14 14:12:39,038:[DatabaseManager.insert]=>[insert] Starting Execution
INFO:54:2025-09-14 14:12:39,039:[DatabaseManager.save]=>[save] Starting Execution
INFO:64:2025-09-14 14:12:39,113:[DatabaseManager.save]=>[save] Execution of completed in 74.28 ms
INFO:64:2025-09-14 14:12:39,113:[DatabaseManager.insert]=>[insert] Execution of completed in 75.69 ms
INFO:114:2025-09-14 14:12:48,173:[DatabaseManager.get_connection]=>[get_connection] Starting Execution
INFO:114:2025-09-14 14:12:48,173:[DatabaseManager.get_path]=>[get_path] Starting Execution
INFO:122:2025-09-14 14:12:48,174:[DatabaseManager.get_path]=>[get_path] Execution of completed in 0.07 ms
INFO:122:2025-09-14 14:12:48,174:[DatabaseManager.get_connection]=>[get_connection] Execution of completed in 0.42 ms
INFO:54:2025-09-14 14:12:48,174:[DatabaseManager.insert]=>[insert] Starting Execution
INFO:54:2025-09-14 14:12:48,175:[DatabaseManager.save]=>[save] Starting Execution
INFO:64:2025-09-14 14:12:48,256:[DatabaseManager.save]=>[save] Execution of completed in 81.26 ms
INFO:64:2025-09-14 14:12:48,256:[DatabaseManager.insert]=>[insert] Execution of completed in 82.24 ms
INFO:114:2025-09-14 14:12:57,859:[DatabaseManager.get_connection]=>[get_connection] Starting Execution
INFO:114:2025-09-14 14:12:57,859:[DatabaseManager.get_path]=>[get_path] Starting Execution
INFO:122:2025-09-14 14:12:57,859:[DatabaseManager.get_path]=>[get_path] Execution of completed in 0.07 ms
INFO:122:2025-09-14 14:12:57,859:[DatabaseManager.get_connection]=>[get_connection] Execution of completed in 0.40 ms
INFO:54:2025-09-14 14:12:57,860:[DatabaseManager.insert]=>[insert] Starting Execution
INFO:54:2025-09-14 14:12:57,860:[DatabaseManager.save]=>[save] Starting Execution
INFO:64:2025-09-14 14:12:57,935:[DatabaseManager.save]=>[save] Execution of completed in 74.32 ms
INFO:64:2025-09-14 14:12:57,935:[DatabaseManager.insert]=>[insert] Execution of completed in 75.16 ms
INFO:114:2025-09-14 14:13:08,084:[DatabaseManager.get_connection]=>[get_connection] Starting Execution
INFO:114:2025-09-14 14:13:08,084:[DatabaseManager.get_path]=>[get_path] Starting Execution
INFO:122:2025-09-14 14:13:08,085:[DatabaseManager.get_path]=>[get_path] Execution of completed in 0.09 ms
INFO:122:2025-09-14 14:13:08,085:[DatabaseManager.get_connection]=>[get_connection] Execution of completed in 0.50 ms
INFO:54:2025-09-14 14:13:08,085:[DatabaseManager.insert]=>[insert] Starting Execution
INFO:54:2025-09-14 14:13:08,086:[DatabaseManager.save]=>[save] Starting Execution
INFO:64:2025-09-14 14:13:08,161:[DatabaseManager.save]=>[save] Execution of completed in 75.10 ms
INFO:64:2025-09-14 14:13:08,161:[DatabaseManager.insert]=>[insert] Execution of completed in 76.07 ms
INFO:114:2025-09-14 14:14:36,216:[DatabaseManager.get_connection]=>[get_connection] Starting Execution
INFO:114:2025-09-14 14:14:36,216:[DatabaseManager.get_path]=>[get_path] Starting Execution
INFO:122:2025-09-14 14:14:36,216:[DatabaseManager.get_path]=>[get_path] Execution of completed in 0.16 ms
INFO:122:2025-09-14 14:14:36,217:[DatabaseManager.get_connection]=>[get_connection] Execution of completed in 1.19 ms
INFO:54:2025-09-14 14:14:36,217:[DatabaseManager.update]=>[update] Starting Execution
INFO:54:2025-09-14 14:14:36,219:[DatabaseManager.save]=>[save] Starting Execution
INFO:64:2025-09-14 14:14:36,375:[DatabaseManager.save]=>[save] Execution of completed in 156.05 ms
INFO:64:2025-09-14 14:14:36,375:[DatabaseManager.update]=>[update] Execution of completed in 158.04 ms
INFO:114:2025-09-14 14:18:03,786:[DatabaseManager.get_connection]=>[get_connection] Starting Execution
INFO:114:2025-09-14 14:18:03,787:[DatabaseManager.get_path]=>[get_path] Starting Execution
INFO:122:2025-09-14 14:18:03,787:[DatabaseManager.get_path]=>[get_path] Execution of completed in 0.11 ms
INFO:122:2025-09-14 14:18:03,787:[DatabaseManager.get_connection]=>[get_connection] Execution of completed in 1.06 ms
INFO:54:2025-09-14 14:18:03,788:[DatabaseManager.delete]=>[delete] Starting Execution
INFO:54:2025-09-14 14:18:03,796:[DatabaseManager.save]=>[save] Starting Execution
INFO:64:2025-09-14 14:18:03,862:[DatabaseManager.save]=>[save] Execution of completed in 66.23 ms
INFO:64:2025-09-14 14:18:03,862:[DatabaseManager.delete]=>[delete] Execution of completed in 74.91 ms
INFO:114:2025-09-14 14:18:54,142:[DatabaseManager.get_connection]=>[get_connection] Starting Execution
INFO:114:2025-09-14 14:18:54,142:[DatabaseManager.get_path]=>[get_path] Starting Execution
INFO:122:2025-09-14 14:18:54,142:[DatabaseManager.get_path]=>[get_path] Execution of completed in 0.09 ms
INFO:122:2025-09-14 14:18:54,143:[DatabaseManager.get_connection]=>[get_connection] Execution of completed in 0.57 ms
INFO:54:2025-09-14 14:18:54,143:[DatabaseManager.get]=>[get] Starting Execution
INFO:64:2025-09-14 14:18:54,143:[DatabaseManager.get]=>[get] Execution of completed in 0.68 ms
INFO:114:2025-09-14 14:19:02,969:[DatabaseManager.get_connection]=>[get_connection] Starting Execution
INFO:114:2025-09-14 14:19:02,969:[DatabaseManager.get_path]=>[get_path] Starting Execution
INFO:122:2025-09-14 14:19:02,970:[DatabaseManager.get_path]=>[get_path] Execution of completed in 0.12 ms
INFO:122:2025-09-14 14:19:02,970:[DatabaseManager.get_connection]=>[get_connection] Execution of completed in 0.79 ms
INFO:54:2025-09-14 14:19:02,970:[DatabaseManager.get]=>[get] Starting Execution
INFO:64:2025-09-14 14:19:02,971:[DatabaseManager.get]=>[get] Execution of completed in 1.09 ms
